<?xml version="1.0" encoding="UTF-8"?>
<!-- Generated by org.testng.reporters.JUnitReportReporter -->
<testsuite hostname="LAPTOP-1J10G11S" failures="0" tests="1" name="TestCases.VerifyLogin" time="3.707" errors="0" timestamp="2022-11-13T17:06:17 IST" skipped="0">
  <testcase classname="TestCases.VerifyLogin" name="login" time="3.707"/>
  <system-out/>
</testsuite> <!-- TestCases.VerifyLogin -->
