<?xml version="1.0" encoding="UTF-8"?>
<!-- Generated by org.testng.reporters.JUnitReportReporter -->
<testsuite hostname="LAPTOP-1J10G11S" failures="0" tests="1" name="TestCases.VerifySignup" time="18.704" errors="0" timestamp="2022-11-13T16:28:48 IST" skipped="0">
  <testcase classname="TestCases.VerifySignup" name="signup" time="18.704"/>
  <system-out/>
</testsuite> <!-- TestCases.VerifySignup -->
